{"C:\\Users\\Schulz\\Desktop\\КоПеІ\\ОКР\\lR5\\jsFiles\\animation.js": {"path":"C:\\Users\\Schulz\\Desktop\\КоПеІ\\ОКР\\lR5\\jsFiles\\animation.js","statementMap":{"0":{"start":{"line":3,"column":22},"end":{"line":3,"column":68}},"1":{"start":{"line":4,"column":20},"end":{"line":4,"column":66}},"2":{"start":{"line":5,"column":4},"end":{"line":11,"column":5}},"3":{"start":{"line":5,"column":15},"end":{"line":5,"column":16}},"4":{"start":{"line":6,"column":24},"end":{"line":6,"column":68}},"5":{"start":{"line":7,"column":8},"end":{"line":7,"column":65}},"6":{"start":{"line":8,"column":20},"end":{"line":8,"column":80}},"7":{"start":{"line":9,"column":8},"end":{"line":9,"column":35}},"8":{"start":{"line":10,"column":8},"end":{"line":10,"column":33}},"9":{"start":{"line":12,"column":21},"end":{"line":12,"column":68}},"10":{"start":{"line":13,"column":4},"end":{"line":13,"column":85}},"11":{"start":{"line":14,"column":4},"end":{"line":14,"column":41}},"12":{"start":{"line":15,"column":4},"end":{"line":17,"column":5}},"13":{"start":{"line":15,"column":15},"end":{"line":15,"column":16}},"14":{"start":{"line":16,"column":8},"end":{"line":16,"column":51}},"15":{"start":{"line":18,"column":4},"end":{"line":18,"column":41}},"16":{"start":{"line":19,"column":20},"end":{"line":19,"column":65}},"17":{"start":{"line":20,"column":4},"end":{"line":20,"column":41}},"18":{"start":{"line":21,"column":20},"end":{"line":21,"column":66}},"19":{"start":{"line":22,"column":4},"end":{"line":35,"column":5}},"20":{"start":{"line":22,"column":15},"end":{"line":22,"column":16}},"21":{"start":{"line":23,"column":8},"end":{"line":34,"column":9}},"22":{"start":{"line":24,"column":27},"end":{"line":24,"column":74}},"23":{"start":{"line":25,"column":12},"end":{"line":25,"column":90}},"24":{"start":{"line":26,"column":24},"end":{"line":26,"column":60}},"25":{"start":{"line":27,"column":30},"end":{"line":27,"column":72}},"26":{"start":{"line":28,"column":12},"end":{"line":28,"column":61}},"27":{"start":{"line":29,"column":12},"end":{"line":29,"column":45}},"28":{"start":{"line":30,"column":12},"end":{"line":30,"column":104}},"29":{"start":{"line":31,"column":12},"end":{"line":31,"column":87}},"30":{"start":{"line":32,"column":24},"end":{"line":32,"column":84}},"31":{"start":{"line":33,"column":12},"end":{"line":33,"column":39}},"32":{"start":{"line":36,"column":4},"end":{"line":38,"column":13}},"33":{"start":{"line":37,"column":8},"end":{"line":37,"column":27}},"34":{"start":{"line":42,"column":18},"end":{"line":42,"column":60}},"35":{"start":{"line":43,"column":4},"end":{"line":65,"column":5}},"36":{"start":{"line":43,"column":15},"end":{"line":43,"column":16}},"37":{"start":{"line":44,"column":26},"end":{"line":44,"column":69}},"38":{"start":{"line":45,"column":8},"end":{"line":45,"column":50}},"39":{"start":{"line":46,"column":26},"end":{"line":46,"column":70}},"40":{"start":{"line":47,"column":8},"end":{"line":60,"column":9}},"41":{"start":{"line":47,"column":19},"end":{"line":47,"column":20}},"42":{"start":{"line":48,"column":12},"end":{"line":59,"column":13}},"43":{"start":{"line":49,"column":31},"end":{"line":49,"column":78}},"44":{"start":{"line":50,"column":16},"end":{"line":50,"column":94}},"45":{"start":{"line":51,"column":28},"end":{"line":51,"column":64}},"46":{"start":{"line":52,"column":32},"end":{"line":52,"column":74}},"47":{"start":{"line":53,"column":16},"end":{"line":53,"column":65}},"48":{"start":{"line":54,"column":16},"end":{"line":54,"column":49}},"49":{"start":{"line":55,"column":16},"end":{"line":55,"column":108}},"50":{"start":{"line":56,"column":16},"end":{"line":56,"column":91}},"51":{"start":{"line":57,"column":28},"end":{"line":57,"column":88}},"52":{"start":{"line":58,"column":16},"end":{"line":58,"column":43}},"53":{"start":{"line":61,"column":8},"end":{"line":64,"column":9}},"54":{"start":{"line":62,"column":12},"end":{"line":62,"column":33}},"55":{"start":{"line":63,"column":12},"end":{"line":63,"column":33}},"56":{"start":{"line":69,"column":18},"end":{"line":69,"column":60}},"57":{"start":{"line":70,"column":22},"end":{"line":70,"column":65}},"58":{"start":{"line":71,"column":4},"end":{"line":71,"column":51}},"59":{"start":{"line":72,"column":22},"end":{"line":72,"column":66}},"60":{"start":{"line":73,"column":4},"end":{"line":86,"column":5}},"61":{"start":{"line":73,"column":15},"end":{"line":73,"column":16}},"62":{"start":{"line":74,"column":8},"end":{"line":85,"column":9}},"63":{"start":{"line":75,"column":27},"end":{"line":75,"column":74}},"64":{"start":{"line":76,"column":12},"end":{"line":76,"column":90}},"65":{"start":{"line":77,"column":24},"end":{"line":77,"column":60}},"66":{"start":{"line":78,"column":28},"end":{"line":78,"column":70}},"67":{"start":{"line":79,"column":12},"end":{"line":79,"column":61}},"68":{"start":{"line":80,"column":12},"end":{"line":80,"column":45}},"69":{"start":{"line":81,"column":12},"end":{"line":81,"column":104}},"70":{"start":{"line":82,"column":12},"end":{"line":82,"column":87}},"71":{"start":{"line":83,"column":24},"end":{"line":83,"column":84}},"72":{"start":{"line":84,"column":12},"end":{"line":84,"column":39}},"73":{"start":{"line":87,"column":4},"end":{"line":90,"column":5}},"74":{"start":{"line":88,"column":8},"end":{"line":88,"column":29}},"75":{"start":{"line":89,"column":8},"end":{"line":89,"column":29}},"76":{"start":{"line":94,"column":19},"end":{"line":94,"column":62}},"77":{"start":{"line":95,"column":4},"end":{"line":95,"column":83}},"78":{"start":{"line":96,"column":4},"end":{"line":96,"column":97}},"79":{"start":{"line":97,"column":4},"end":{"line":97,"column":71}},"80":{"start":{"line":98,"column":4},"end":{"line":98,"column":91}},"81":{"start":{"line":102,"column":23},"end":{"line":102,"column":70}},"82":{"start":{"line":103,"column":21},"end":{"line":103,"column":69}},"83":{"start":{"line":104,"column":4},"end":{"line":106,"column":5}},"84":{"start":{"line":104,"column":15},"end":{"line":104,"column":16}},"85":{"start":{"line":105,"column":8},"end":{"line":105,"column":107}},"86":{"start":{"line":108,"column":4},"end":{"line":108,"column":97}},"87":{"start":{"line":109,"column":19},"end":{"line":109,"column":60}},"88":{"start":{"line":110,"column":4},"end":{"line":110,"column":65}},"89":{"start":{"line":111,"column":4},"end":{"line":111,"column":38}},"90":{"start":{"line":112,"column":4},"end":{"line":112,"column":35}},"91":{"start":{"line":113,"column":16},"end":{"line":113,"column":76}},"92":{"start":{"line":114,"column":4},"end":{"line":114,"column":31}},"93":{"start":{"line":115,"column":4},"end":{"line":115,"column":29}},"94":{"start":{"line":116,"column":4},"end":{"line":116,"column":30}},"95":{"start":{"line":117,"column":4},"end":{"line":117,"column":42}},"96":{"start":{"line":118,"column":4},"end":{"line":118,"column":110}},"97":{"start":{"line":119,"column":4},"end":{"line":119,"column":98}},"98":{"start":{"line":121,"column":22},"end":{"line":121,"column":68}},"99":{"start":{"line":122,"column":4},"end":{"line":122,"column":80}},"100":{"start":{"line":123,"column":18},"end":{"line":123,"column":37}},"101":{"start":{"line":124,"column":22},"end":{"line":124,"column":70}},"102":{"start":{"line":125,"column":4},"end":{"line":138,"column":5}},"103":{"start":{"line":125,"column":15},"end":{"line":125,"column":16}},"104":{"start":{"line":126,"column":19},"end":{"line":126,"column":50}},"105":{"start":{"line":127,"column":25},"end":{"line":127,"column":44}},"106":{"start":{"line":128,"column":23},"end":{"line":128,"column":70}},"107":{"start":{"line":129,"column":8},"end":{"line":129,"column":78}},"108":{"start":{"line":130,"column":20},"end":{"line":130,"column":56}},"109":{"start":{"line":131,"column":24},"end":{"line":131,"column":66}},"110":{"start":{"line":132,"column":8},"end":{"line":132,"column":53}},"111":{"start":{"line":133,"column":8},"end":{"line":133,"column":37}},"112":{"start":{"line":134,"column":8},"end":{"line":134,"column":96}},"113":{"start":{"line":135,"column":8},"end":{"line":135,"column":79}},"114":{"start":{"line":136,"column":20},"end":{"line":136,"column":80}},"115":{"start":{"line":137,"column":8},"end":{"line":137,"column":35}},"116":{"start":{"line":141,"column":10},"end":{"line":141,"column":14}},"117":{"start":{"line":143,"column":4},"end":{"line":143,"column":35}},"118":{"start":{"line":143,"column":16},"end":{"line":143,"column":35}},"119":{"start":{"line":144,"column":16},"end":{"line":144,"column":33}},"120":{"start":{"line":145,"column":16},"end":{"line":145,"column":54}},"121":{"start":{"line":146,"column":4},"end":{"line":147,"column":52}},"122":{"start":{"line":146,"column":22},"end":{"line":146,"column":74}},"123":{"start":{"line":147,"column":9},"end":{"line":147,"column":51}},"124":{"start":{"line":148,"column":4},"end":{"line":151,"column":21}},"125":{"start":{"line":149,"column":8},"end":{"line":149,"column":48}},"126":{"start":{"line":151,"column":9},"end":{"line":151,"column":20}},"127":{"start":{"line":155,"column":20},"end":{"line":155,"column":37}},"128":{"start":{"line":156,"column":22},"end":{"line":156,"column":26}},"129":{"start":{"line":157,"column":20},"end":{"line":157,"column":24}},"130":{"start":{"line":158,"column":18},"end":{"line":158,"column":22}},"131":{"start":{"line":160,"column":8},"end":{"line":160,"column":56}},"132":{"start":{"line":160,"column":28},"end":{"line":160,"column":56}},"133":{"start":{"line":161,"column":20},"end":{"line":161,"column":45}},"134":{"start":{"line":162,"column":22},"end":{"line":162,"column":39}},"135":{"start":{"line":163,"column":8},"end":{"line":163,"column":39}},"136":{"start":{"line":163,"column":25},"end":{"line":163,"column":38}},"137":{"start":{"line":164,"column":8},"end":{"line":164,"column":72}},"138":{"start":{"line":165,"column":8},"end":{"line":172,"column":9}},"139":{"start":{"line":167,"column":12},"end":{"line":167,"column":53}},"140":{"start":{"line":169,"column":13},"end":{"line":172,"column":9}},"141":{"start":{"line":170,"column":12},"end":{"line":170,"column":28}},"142":{"start":{"line":171,"column":12},"end":{"line":171,"column":51}},"143":{"start":{"line":175,"column":8},"end":{"line":175,"column":52}},"144":{"start":{"line":175,"column":26},"end":{"line":175,"column":52}},"145":{"start":{"line":176,"column":20},"end":{"line":176,"column":43}},"146":{"start":{"line":177,"column":8},"end":{"line":177,"column":39}},"147":{"start":{"line":177,"column":25},"end":{"line":177,"column":38}},"148":{"start":{"line":178,"column":8},"end":{"line":178,"column":55}},"149":{"start":{"line":179,"column":8},"end":{"line":181,"column":9}},"150":{"start":{"line":180,"column":12},"end":{"line":180,"column":53}},"151":{"start":{"line":183,"column":4},"end":{"line":183,"column":23}},"152":{"start":{"line":184,"column":4},"end":{"line":184,"column":43}},"153":{"start":{"line":188,"column":13},"end":{"line":188,"column":54}},"154":{"start":{"line":189,"column":4},"end":{"line":189,"column":33}},"155":{"start":{"line":189,"column":22},"end":{"line":189,"column":32}},"156":{"start":{"line":190,"column":16},"end":{"line":190,"column":65}},"157":{"start":{"line":191,"column":4},"end":{"line":195,"column":5}},"158":{"start":{"line":192,"column":8},"end":{"line":193,"column":52}},"159":{"start":{"line":192,"column":18},"end":{"line":192,"column":19}},"160":{"start":{"line":193,"column":12},"end":{"line":193,"column":52}},"161":{"start":{"line":194,"column":8},"end":{"line":194,"column":55}},"162":{"start":{"line":196,"column":4},"end":{"line":200,"column":5}},"163":{"start":{"line":197,"column":8},"end":{"line":198,"column":52}},"164":{"start":{"line":197,"column":18},"end":{"line":197,"column":19}},"165":{"start":{"line":198,"column":12},"end":{"line":198,"column":52}},"166":{"start":{"line":199,"column":8},"end":{"line":199,"column":48}},"167":{"start":{"line":204,"column":15},"end":{"line":204,"column":100}},"168":{"start":{"line":205,"column":13},"end":{"line":205,"column":52}},"169":{"start":{"line":206,"column":4},"end":{"line":211,"column":5}},"170":{"start":{"line":206,"column":15},"end":{"line":206,"column":16}},"171":{"start":{"line":207,"column":25},"end":{"line":207,"column":65}},"172":{"start":{"line":208,"column":8},"end":{"line":208,"column":41}},"173":{"start":{"line":209,"column":8},"end":{"line":209,"column":33}},"174":{"start":{"line":210,"column":8},"end":{"line":210,"column":69}},"175":{"start":{"line":212,"column":19},"end":{"line":212,"column":64}},"176":{"start":{"line":213,"column":17},"end":{"line":213,"column":59}},"177":{"start":{"line":214,"column":14},"end":{"line":214,"column":59}},"178":{"start":{"line":215,"column":4},"end":{"line":215,"column":57}},"179":{"start":{"line":216,"column":19},"end":{"line":216,"column":81}},"180":{"start":{"line":217,"column":4},"end":{"line":217,"column":43}},"181":{"start":{"line":221,"column":4},"end":{"line":221,"column":69}},"182":{"start":{"line":222,"column":15},"end":{"line":222,"column":56}},"183":{"start":{"line":223,"column":4},"end":{"line":223,"column":77}},"184":{"start":{"line":224,"column":19},"end":{"line":224,"column":61}},"185":{"start":{"line":225,"column":17},"end":{"line":225,"column":51}},"186":{"start":{"line":226,"column":4},"end":{"line":226,"column":27}},"187":{"start":{"line":227,"column":4},"end":{"line":227,"column":53}},"188":{"start":{"line":228,"column":22},"end":{"line":228,"column":65}},"189":{"start":{"line":229,"column":4},"end":{"line":244,"column":5}},"190":{"start":{"line":229,"column":15},"end":{"line":229,"column":16}},"191":{"start":{"line":230,"column":21},"end":{"line":230,"column":42}},"192":{"start":{"line":231,"column":23},"end":{"line":231,"column":70}},"193":{"start":{"line":232,"column":8},"end":{"line":232,"column":70}},"194":{"start":{"line":233,"column":8},"end":{"line":233,"column":78}},"195":{"start":{"line":234,"column":20},"end":{"line":234,"column":56}},"196":{"start":{"line":235,"column":26},"end":{"line":235,"column":68}},"197":{"start":{"line":236,"column":8},"end":{"line":236,"column":49}},"198":{"start":{"line":237,"column":8},"end":{"line":237,"column":33}},"199":{"start":{"line":238,"column":8},"end":{"line":238,"column":92}},"200":{"start":{"line":239,"column":8},"end":{"line":239,"column":75}},"201":{"start":{"line":240,"column":20},"end":{"line":240,"column":80}},"202":{"start":{"line":241,"column":8},"end":{"line":241,"column":42}},"203":{"start":{"line":242,"column":21},"end":{"line":242,"column":83}},"204":{"start":{"line":243,"column":8},"end":{"line":243,"column":42}},"205":{"start":{"line":249,"column":16},"end":{"line":249,"column":44}},"206":{"start":{"line":250,"column":4},"end":{"line":250,"column":34}},"207":{"start":{"line":251,"column":4},"end":{"line":251,"column":30}},"208":{"start":{"line":252,"column":4},"end":{"line":252,"column":17}},"209":{"start":{"line":256,"column":16},"end":{"line":256,"column":44}},"210":{"start":{"line":257,"column":4},"end":{"line":257,"column":34}},"211":{"start":{"line":258,"column":4},"end":{"line":258,"column":24}},"212":{"start":{"line":259,"column":4},"end":{"line":259,"column":30}},"213":{"start":{"line":260,"column":4},"end":{"line":260,"column":17}},"214":{"start":{"line":264,"column":16},"end":{"line":264,"column":44}},"215":{"start":{"line":265,"column":4},"end":{"line":265,"column":34}},"216":{"start":{"line":266,"column":4},"end":{"line":266,"column":20}},"217":{"start":{"line":267,"column":4},"end":{"line":267,"column":30}},"218":{"start":{"line":268,"column":4},"end":{"line":268,"column":17}},"219":{"start":{"line":272,"column":16},"end":{"line":272,"column":44}},"220":{"start":{"line":273,"column":4},"end":{"line":273,"column":34}},"221":{"start":{"line":274,"column":4},"end":{"line":274,"column":47}},"222":{"start":{"line":275,"column":4},"end":{"line":275,"column":17}},"223":{"start":{"line":278,"column":21},"end":{"line":283,"column":11}},"224":{"start":{"line":279,"column":8},"end":{"line":282,"column":9}},"225":{"start":{"line":280,"column":12},"end":{"line":280,"column":45}},"226":{"start":{"line":281,"column":12},"end":{"line":281,"column":32}}},"fnMap":{"0":{"name":"indexFull","decl":{"start":{"line":2,"column":9},"end":{"line":2,"column":18}},"loc":{"start":{"line":2,"column":33},"end":{"line":39,"column":1}},"line":2},"1":{"name":"(anonymous_1)","decl":{"start":{"line":36,"column":16},"end":{"line":36,"column":17}},"loc":{"start":{"line":36,"column":22},"end":{"line":38,"column":5}},"line":36},"2":{"name":"catalogFull","decl":{"start":{"line":41,"column":9},"end":{"line":41,"column":20}},"loc":{"start":{"line":41,"column":35},"end":{"line":66,"column":1}},"line":41},"3":{"name":"catalogOneFull","decl":{"start":{"line":68,"column":9},"end":{"line":68,"column":23}},"loc":{"start":{"line":68,"column":46},"end":{"line":91,"column":1}},"line":68},"4":{"name":"actionOneFull","decl":{"start":{"line":93,"column":9},"end":{"line":93,"column":22}},"loc":{"start":{"line":93,"column":45},"end":{"line":99,"column":1}},"line":93},"5":{"name":"oneProductFull","decl":{"start":{"line":101,"column":9},"end":{"line":101,"column":23}},"loc":{"start":{"line":101,"column":46},"end":{"line":139,"column":1}},"line":101},"6":{"name":"banerstep","decl":{"start":{"line":142,"column":9},"end":{"line":142,"column":18}},"loc":{"start":{"line":142,"column":32},"end":{"line":152,"column":1}},"line":142},"7":{"name":"moveImg","decl":{"start":{"line":154,"column":9},"end":{"line":154,"column":16}},"loc":{"start":{"line":154,"column":25},"end":{"line":185,"column":1}},"line":154},"8":{"name":"sliderUp","decl":{"start":{"line":159,"column":13},"end":{"line":159,"column":21}},"loc":{"start":{"line":159,"column":35},"end":{"line":173,"column":5}},"line":159},"9":{"name":"sliderDown","decl":{"start":{"line":174,"column":13},"end":{"line":174,"column":23}},"loc":{"start":{"line":174,"column":37},"end":{"line":182,"column":5}},"line":174},"10":{"name":"repaintDot","decl":{"start":{"line":187,"column":9},"end":{"line":187,"column":19}},"loc":{"start":{"line":187,"column":28},"end":{"line":201,"column":1}},"line":187},"11":{"name":"orderFull","decl":{"start":{"line":203,"column":9},"end":{"line":203,"column":18}},"loc":{"start":{"line":203,"column":29},"end":{"line":218,"column":1}},"line":203},"12":{"name":"basketFull","decl":{"start":{"line":220,"column":9},"end":{"line":220,"column":19}},"loc":{"start":{"line":220,"column":41},"end":{"line":245,"column":1}},"line":220},"13":{"name":"incertElement","decl":{"start":{"line":247,"column":9},"end":{"line":247,"column":22}},"loc":{"start":{"line":248,"column":0},"end":{"line":253,"column":1}},"line":248},"14":{"name":"incertElementDetails","decl":{"start":{"line":254,"column":9},"end":{"line":254,"column":29}},"loc":{"start":{"line":255,"column":0},"end":{"line":261,"column":1}},"line":255},"15":{"name":"incertImg","decl":{"start":{"line":262,"column":9},"end":{"line":262,"column":18}},"loc":{"start":{"line":263,"column":0},"end":{"line":269,"column":1}},"line":263},"16":{"name":"incertElementInPlace","decl":{"start":{"line":270,"column":9},"end":{"line":270,"column":29}},"loc":{"start":{"line":271,"column":0},"end":{"line":276,"column":1}},"line":271},"17":{"name":"onReady","decl":{"start":{"line":277,"column":9},"end":{"line":277,"column":16}},"loc":{"start":{"line":277,"column":27},"end":{"line":284,"column":1}},"line":277},"18":{"name":"(anonymous_18)","decl":{"start":{"line":278,"column":40},"end":{"line":278,"column":41}},"loc":{"start":{"line":278,"column":51},"end":{"line":283,"column":5}},"line":278}},"branchMap":{"0":{"loc":{"start":{"line":23,"column":8},"end":{"line":34,"column":9}},"type":"if","locations":[{"start":{"line":23,"column":8},"end":{"line":34,"column":9}},{"start":{"line":23,"column":8},"end":{"line":34,"column":9}}],"line":23},"1":{"loc":{"start":{"line":48,"column":12},"end":{"line":59,"column":13}},"type":"if","locations":[{"start":{"line":48,"column":12},"end":{"line":59,"column":13}},{"start":{"line":48,"column":12},"end":{"line":59,"column":13}}],"line":48},"2":{"loc":{"start":{"line":61,"column":8},"end":{"line":64,"column":9}},"type":"if","locations":[{"start":{"line":61,"column":8},"end":{"line":64,"column":9}},{"start":{"line":61,"column":8},"end":{"line":64,"column":9}}],"line":61},"3":{"loc":{"start":{"line":74,"column":8},"end":{"line":85,"column":9}},"type":"if","locations":[{"start":{"line":74,"column":8},"end":{"line":85,"column":9}},{"start":{"line":74,"column":8},"end":{"line":85,"column":9}}],"line":74},"4":{"loc":{"start":{"line":87,"column":4},"end":{"line":90,"column":5}},"type":"if","locations":[{"start":{"line":87,"column":4},"end":{"line":90,"column":5}},{"start":{"line":87,"column":4},"end":{"line":90,"column":5}}],"line":87},"5":{"loc":{"start":{"line":143,"column":4},"end":{"line":143,"column":35}},"type":"if","locations":[{"start":{"line":143,"column":4},"end":{"line":143,"column":35}},{"start":{"line":143,"column":4},"end":{"line":143,"column":35}}],"line":143},"6":{"loc":{"start":{"line":146,"column":4},"end":{"line":147,"column":52}},"type":"if","locations":[{"start":{"line":146,"column":4},"end":{"line":147,"column":52}},{"start":{"line":146,"column":4},"end":{"line":147,"column":52}}],"line":146},"7":{"loc":{"start":{"line":148,"column":4},"end":{"line":151,"column":21}},"type":"if","locations":[{"start":{"line":148,"column":4},"end":{"line":151,"column":21}},{"start":{"line":148,"column":4},"end":{"line":151,"column":21}}],"line":148},"8":{"loc":{"start":{"line":160,"column":8},"end":{"line":160,"column":56}},"type":"if","locations":[{"start":{"line":160,"column":8},"end":{"line":160,"column":56}},{"start":{"line":160,"column":8},"end":{"line":160,"column":56}}],"line":160},"9":{"loc":{"start":{"line":163,"column":8},"end":{"line":163,"column":39}},"type":"if","locations":[{"start":{"line":163,"column":8},"end":{"line":163,"column":39}},{"start":{"line":163,"column":8},"end":{"line":163,"column":39}}],"line":163},"10":{"loc":{"start":{"line":165,"column":8},"end":{"line":172,"column":9}},"type":"if","locations":[{"start":{"line":165,"column":8},"end":{"line":172,"column":9}},{"start":{"line":165,"column":8},"end":{"line":172,"column":9}}],"line":165},"11":{"loc":{"start":{"line":165,"column":11},"end":{"line":165,"column":53}},"type":"binary-expr","locations":[{"start":{"line":165,"column":11},"end":{"line":165,"column":39}},{"start":{"line":165,"column":43},"end":{"line":165,"column":53}}],"line":165},"12":{"loc":{"start":{"line":169,"column":13},"end":{"line":172,"column":9}},"type":"if","locations":[{"start":{"line":169,"column":13},"end":{"line":172,"column":9}},{"start":{"line":169,"column":13},"end":{"line":172,"column":9}}],"line":169},"13":{"loc":{"start":{"line":175,"column":8},"end":{"line":175,"column":52}},"type":"if","locations":[{"start":{"line":175,"column":8},"end":{"line":175,"column":52}},{"start":{"line":175,"column":8},"end":{"line":175,"column":52}}],"line":175},"14":{"loc":{"start":{"line":177,"column":8},"end":{"line":177,"column":39}},"type":"if","locations":[{"start":{"line":177,"column":8},"end":{"line":177,"column":39}},{"start":{"line":177,"column":8},"end":{"line":177,"column":39}}],"line":177},"15":{"loc":{"start":{"line":179,"column":8},"end":{"line":181,"column":9}},"type":"if","locations":[{"start":{"line":179,"column":8},"end":{"line":181,"column":9}},{"start":{"line":179,"column":8},"end":{"line":181,"column":9}}],"line":179},"16":{"loc":{"start":{"line":189,"column":4},"end":{"line":189,"column":33}},"type":"if","locations":[{"start":{"line":189,"column":4},"end":{"line":189,"column":33}},{"start":{"line":189,"column":4},"end":{"line":189,"column":33}}],"line":189},"17":{"loc":{"start":{"line":191,"column":4},"end":{"line":195,"column":5}},"type":"if","locations":[{"start":{"line":191,"column":4},"end":{"line":195,"column":5}},{"start":{"line":191,"column":4},"end":{"line":195,"column":5}}],"line":191},"18":{"loc":{"start":{"line":196,"column":4},"end":{"line":200,"column":5}},"type":"if","locations":[{"start":{"line":196,"column":4},"end":{"line":200,"column":5}},{"start":{"line":196,"column":4},"end":{"line":200,"column":5}}],"line":196},"19":{"loc":{"start":{"line":279,"column":8},"end":{"line":282,"column":9}},"type":"if","locations":[{"start":{"line":279,"column":8},"end":{"line":282,"column":9}},{"start":{"line":279,"column":8},"end":{"line":282,"column":9}}],"line":279}},"s":{"0":1,"1":1,"2":1,"3":1,"4":3,"5":3,"6":3,"7":3,"8":3,"9":1,"10":1,"11":1,"12":1,"13":1,"14":3,"15":1,"16":1,"17":1,"18":1,"19":1,"20":1,"21":12,"22":7,"23":7,"24":7,"25":7,"26":7,"27":7,"28":7,"29":7,"30":7,"31":7,"32":1,"33":0,"34":2,"35":2,"36":2,"37":16,"38":16,"39":16,"40":16,"41":16,"42":192,"43":24,"44":24,"45":24,"46":24,"47":24,"48":24,"49":24,"50":24,"51":24,"52":24,"53":16,"54":4,"55":4,"56":4,"57":4,"58":4,"59":4,"60":4,"61":4,"62":36,"63":7,"64":7,"65":7,"66":7,"67":7,"68":7,"69":7,"70":7,"71":7,"72":7,"73":4,"74":1,"75":1,"76":1,"77":1,"78":1,"79":1,"80":1,"81":1,"82":1,"83":1,"84":1,"85":2,"86":1,"87":1,"88":1,"89":1,"90":1,"91":1,"92":1,"93":1,"94":1,"95":1,"96":1,"97":1,"98":1,"99":1,"100":1,"101":1,"102":1,"103":1,"104":2,"105":2,"106":2,"107":2,"108":2,"109":2,"110":2,"111":2,"112":2,"113":2,"114":2,"115":2,"116":2,"117":1,"118":1,"119":1,"120":1,"121":1,"122":0,"123":1,"124":1,"125":1,"126":0,"127":2,"128":2,"129":2,"130":2,"131":0,"132":0,"133":0,"134":0,"135":0,"136":0,"137":0,"138":0,"139":0,"140":0,"141":0,"142":0,"143":0,"144":0,"145":0,"146":0,"147":0,"148":0,"149":0,"150":0,"151":2,"152":2,"153":5,"154":5,"155":2,"156":3,"157":3,"158":0,"159":0,"160":0,"161":0,"162":3,"163":0,"164":0,"165":0,"166":0,"167":0,"168":0,"169":0,"170":0,"171":0,"172":0,"173":0,"174":0,"175":0,"176":0,"177":0,"178":0,"179":0,"180":0,"181":1,"182":1,"183":1,"184":1,"185":1,"186":1,"187":1,"188":1,"189":1,"190":1,"191":1,"192":1,"193":1,"194":1,"195":1,"196":1,"197":1,"198":1,"199":1,"200":1,"201":1,"202":1,"203":1,"204":1,"205":285,"206":285,"207":285,"208":285,"209":47,"210":47,"211":47,"212":47,"213":47,"214":48,"215":48,"216":48,"217":48,"218":48,"219":2,"220":2,"221":2,"222":2,"223":3,"224":0,"225":0,"226":0},"f":{"0":1,"1":0,"2":2,"3":4,"4":1,"5":1,"6":1,"7":2,"8":0,"9":0,"10":5,"11":0,"12":1,"13":285,"14":47,"15":48,"16":2,"17":3,"18":0},"b":{"0":[7,5],"1":[24,168],"2":[4,12],"3":[7,29],"4":[1,3],"5":[1,0],"6":[0,1],"7":[1,0],"8":[0,0],"9":[0,0],"10":[0,0],"11":[0,0],"12":[0,0],"13":[0,0],"14":[0,0],"15":[0,0],"16":[2,3],"17":[0,3],"18":[0,3],"19":[0,0]},"_coverageSchema":"1a1c01bbd47fc00a2c39e90264f33305004495a9","hash":"9e672a5bebfd86828b0fa9d28a994f22eb0155a5"}
,"C:\\Users\\Schulz\\Desktop\\КоПеІ\\ОКР\\lR5\\jsFiles\\data.js": {"path":"C:\\Users\\Schulz\\Desktop\\КоПеІ\\ОКР\\lR5\\jsFiles\\data.js","statementMap":{"0":{"start":{"line":2,"column":14},"end":{"line":2,"column":35}},"1":{"start":{"line":4,"column":4},"end":{"line":7,"column":38}},"2":{"start":{"line":6,"column":24},"end":{"line":6,"column":37}},"3":{"start":{"line":7,"column":23},"end":{"line":7,"column":35}},"4":{"start":{"line":10,"column":4},"end":{"line":17,"column":38}},"5":{"start":{"line":16,"column":22},"end":{"line":16,"column":35}},"6":{"start":{"line":17,"column":23},"end":{"line":17,"column":35}}},"fnMap":{"0":{"name":"fetchMyData","decl":{"start":{"line":3,"column":15},"end":{"line":3,"column":26}},"loc":{"start":{"line":3,"column":29},"end":{"line":8,"column":1}},"line":3},"1":{"name":"(anonymous_1)","decl":{"start":{"line":6,"column":14},"end":{"line":6,"column":15}},"loc":{"start":{"line":6,"column":24},"end":{"line":6,"column":37}},"line":6},"2":{"name":"(anonymous_2)","decl":{"start":{"line":7,"column":14},"end":{"line":7,"column":15}},"loc":{"start":{"line":7,"column":22},"end":{"line":7,"column":36}},"line":7},"3":{"name":"postOrder","decl":{"start":{"line":9,"column":15},"end":{"line":9,"column":24}},"loc":{"start":{"line":9,"column":32},"end":{"line":18,"column":1}},"line":9},"4":{"name":"(anonymous_4)","decl":{"start":{"line":16,"column":12},"end":{"line":16,"column":13}},"loc":{"start":{"line":16,"column":22},"end":{"line":16,"column":35}},"line":16},"5":{"name":"(anonymous_5)","decl":{"start":{"line":17,"column":14},"end":{"line":17,"column":15}},"loc":{"start":{"line":17,"column":22},"end":{"line":17,"column":36}},"line":17}},"branchMap":{},"s":{"0":2,"1":3,"2":1,"3":1,"4":2,"5":1,"6":1},"f":{"0":3,"1":1,"2":1,"3":2,"4":1,"5":1},"b":{},"_coverageSchema":"1a1c01bbd47fc00a2c39e90264f33305004495a9","hash":"5bf9ea4d4938f915e1d03dc027f154858d2a78ac"}
,"C:\\Users\\Schulz\\Desktop\\КоПеІ\\ОКР\\lR5\\jsFiles\\url.js": {"path":"C:\\Users\\Schulz\\Desktop\\КоПеІ\\ОКР\\lR5\\jsFiles\\url.js","statementMap":{"0":{"start":{"line":6,"column":13},"end":{"line":6,"column":60}},"1":{"start":{"line":8,"column":10},"end":{"line":8,"column":12}},"2":{"start":{"line":9,"column":13},"end":{"line":9,"column":32}},"3":{"start":{"line":10,"column":14},"end":{"line":11,"column":69}},"4":{"start":{"line":13,"column":0},"end":{"line":17,"column":3}},"5":{"start":{"line":14,"column":4},"end":{"line":14,"column":60}},"6":{"start":{"line":15,"column":4},"end":{"line":15,"column":74}},"7":{"start":{"line":16,"column":4},"end":{"line":16,"column":70}},"8":{"start":{"line":20,"column":8},"end":{"line":20,"column":35}},"9":{"start":{"line":21,"column":8},"end":{"line":21,"column":19}},"10":{"start":{"line":22,"column":8},"end":{"line":22,"column":29}},"11":{"start":{"line":23,"column":8},"end":{"line":23,"column":23}},"12":{"start":{"line":24,"column":8},"end":{"line":24,"column":65}},"13":{"start":{"line":24,"column":31},"end":{"line":24,"column":64}},"14":{"start":{"line":27,"column":8},"end":{"line":52,"column":9}},"15":{"start":{"line":28,"column":25},"end":{"line":33,"column":50}},"16":{"start":{"line":29,"column":12},"end":{"line":31,"column":44}},"17":{"start":{"line":30,"column":16},"end":{"line":30,"column":69}},"18":{"start":{"line":31,"column":18},"end":{"line":31,"column":44}},"19":{"start":{"line":33,"column":13},"end":{"line":33,"column":50}},"20":{"start":{"line":34,"column":8},"end":{"line":34,"column":14}},"21":{"start":{"line":36,"column":27},"end":{"line":38,"column":40}},"22":{"start":{"line":37,"column":12},"end":{"line":37,"column":64}},"23":{"start":{"line":38,"column":14},"end":{"line":38,"column":40}},"24":{"start":{"line":39,"column":8},"end":{"line":39,"column":14}},"25":{"start":{"line":41,"column":32},"end":{"line":43,"column":40}},"26":{"start":{"line":42,"column":12},"end":{"line":42,"column":65}},"27":{"start":{"line":43,"column":14},"end":{"line":43,"column":40}},"28":{"start":{"line":44,"column":8},"end":{"line":44,"column":14}},"29":{"start":{"line":46,"column":29},"end":{"line":46,"column":72}},"30":{"start":{"line":46,"column":72},"end":{"line":46,"column":89}},"31":{"start":{"line":46,"column":89},"end":{"line":46,"column":95}},"32":{"start":{"line":47,"column":30},"end":{"line":49,"column":41}},"33":{"start":{"line":48,"column":9},"end":{"line":48,"column":35}},"34":{"start":{"line":48,"column":36},"end":{"line":48,"column":53}},"35":{"start":{"line":49,"column":14},"end":{"line":49,"column":40}},"36":{"start":{"line":50,"column":8},"end":{"line":50,"column":14}},"37":{"start":{"line":51,"column":18},"end":{"line":51,"column":44}},"38":{"start":{"line":51,"column":44},"end":{"line":51,"column":79}},"39":{"start":{"line":51,"column":79},"end":{"line":51,"column":85}},"40":{"start":{"line":57,"column":8},"end":{"line":57,"column":43}},"41":{"start":{"line":58,"column":8},"end":{"line":58,"column":36}},"42":{"start":{"line":59,"column":8},"end":{"line":59,"column":36}},"43":{"start":{"line":60,"column":8},"end":{"line":60,"column":39}},"44":{"start":{"line":61,"column":8},"end":{"line":64,"column":40}},"45":{"start":{"line":62,"column":12},"end":{"line":62,"column":31}},"46":{"start":{"line":64,"column":12},"end":{"line":64,"column":40}},"47":{"start":{"line":65,"column":8},"end":{"line":66,"column":28}},"48":{"start":{"line":65,"column":74},"end":{"line":65,"column":89}},"49":{"start":{"line":66,"column":13},"end":{"line":66,"column":28}},"50":{"start":{"line":67,"column":8},"end":{"line":67,"column":33}},"51":{"start":{"line":71,"column":15},"end":{"line":71,"column":46}},"52":{"start":{"line":73,"column":0},"end":{"line":95,"column":3}},"53":{"start":{"line":74,"column":26},"end":{"line":74,"column":48}},"54":{"start":{"line":75,"column":4},"end":{"line":75,"column":81}},"55":{"start":{"line":75,"column":59},"end":{"line":75,"column":81}},"56":{"start":{"line":76,"column":12},"end":{"line":76,"column":32}},"57":{"start":{"line":77,"column":4},"end":{"line":77,"column":41}},"58":{"start":{"line":78,"column":4},"end":{"line":94,"column":5}},"59":{"start":{"line":79,"column":20},"end":{"line":79,"column":71}},"60":{"start":{"line":79,"column":72},"end":{"line":79,"column":78}},"61":{"start":{"line":80,"column":25},"end":{"line":80,"column":109}},"62":{"start":{"line":80,"column":72},"end":{"line":80,"column":109}},"63":{"start":{"line":80,"column":111},"end":{"line":80,"column":117}},"64":{"start":{"line":81,"column":24},"end":{"line":81,"column":108}},"65":{"start":{"line":81,"column":71},"end":{"line":81,"column":108}},"66":{"start":{"line":81,"column":109},"end":{"line":81,"column":115}},"67":{"start":{"line":82,"column":22},"end":{"line":82,"column":106}},"68":{"start":{"line":82,"column":69},"end":{"line":82,"column":106}},"69":{"start":{"line":82,"column":108},"end":{"line":82,"column":114}},"70":{"start":{"line":83,"column":25},"end":{"line":83,"column":83}},"71":{"start":{"line":83,"column":84},"end":{"line":83,"column":90}},"72":{"start":{"line":84,"column":20},"end":{"line":84,"column":73}},"73":{"start":{"line":84,"column":74},"end":{"line":84,"column":80}},"74":{"start":{"line":85,"column":18},"end":{"line":85,"column":76}},"75":{"start":{"line":85,"column":77},"end":{"line":85,"column":83}},"76":{"start":{"line":86,"column":18},"end":{"line":86,"column":43}},"77":{"start":{"line":86,"column":43},"end":{"line":86,"column":49}},"78":{"start":{"line":87,"column":20},"end":{"line":87,"column":50}},"79":{"start":{"line":87,"column":50},"end":{"line":87,"column":56}},"80":{"start":{"line":88,"column":21},"end":{"line":88,"column":76}},"81":{"start":{"line":88,"column":39},"end":{"line":88,"column":76}},"82":{"start":{"line":88,"column":76},"end":{"line":88,"column":82}},"83":{"start":{"line":89,"column":23},"end":{"line":89,"column":59}},"84":{"start":{"line":89,"column":59},"end":{"line":89,"column":65}},"85":{"start":{"line":90,"column":21},"end":{"line":90,"column":33}},"86":{"start":{"line":90,"column":33},"end":{"line":90,"column":39}},"87":{"start":{"line":91,"column":18},"end":{"line":91,"column":51}},"88":{"start":{"line":91,"column":51},"end":{"line":91,"column":57}},"89":{"start":{"line":92,"column":17},"end":{"line":92,"column":42}},"90":{"start":{"line":92,"column":42},"end":{"line":92,"column":48}},"91":{"start":{"line":93,"column":14},"end":{"line":93,"column":20}},"92":{"start":{"line":98,"column":10},"end":{"line":98,"column":29}},"93":{"start":{"line":99,"column":4},"end":{"line":100,"column":32}},"94":{"start":{"line":100,"column":8},"end":{"line":100,"column":31}},"95":{"start":{"line":104,"column":12},"end":{"line":104,"column":26}},"96":{"start":{"line":106,"column":4},"end":{"line":106,"column":35}},"97":{"start":{"line":106,"column":21},"end":{"line":106,"column":34}},"98":{"start":{"line":107,"column":4},"end":{"line":113,"column":29}},"99":{"start":{"line":108,"column":8},"end":{"line":108,"column":55}},"100":{"start":{"line":109,"column":8},"end":{"line":109,"column":55}},"101":{"start":{"line":109,"column":35},"end":{"line":109,"column":54}},"102":{"start":{"line":110,"column":8},"end":{"line":110,"column":58}},"103":{"start":{"line":110,"column":38},"end":{"line":110,"column":57}},"104":{"start":{"line":111,"column":8},"end":{"line":111,"column":20}},"105":{"start":{"line":113,"column":15},"end":{"line":113,"column":28}},"106":{"start":{"line":117,"column":16},"end":{"line":117,"column":20}},"107":{"start":{"line":118,"column":20},"end":{"line":118,"column":34}},"108":{"start":{"line":119,"column":13},"end":{"line":119,"column":46}},"109":{"start":{"line":120,"column":16},"end":{"line":120,"column":35}},"110":{"start":{"line":121,"column":13},"end":{"line":121,"column":23}},"111":{"start":{"line":122,"column":13},"end":{"line":122,"column":34}},"112":{"start":{"line":123,"column":16},"end":{"line":123,"column":53}},"113":{"start":{"line":124,"column":4},"end":{"line":124,"column":138}},"114":{"start":{"line":124,"column":46},"end":{"line":124,"column":89}},"115":{"start":{"line":124,"column":89},"end":{"line":124,"column":103}},"116":{"start":{"line":124,"column":103},"end":{"line":124,"column":137}},"117":{"start":{"line":125,"column":4},"end":{"line":125,"column":139}},"118":{"start":{"line":125,"column":64},"end":{"line":125,"column":90}},"119":{"start":{"line":125,"column":90},"end":{"line":125,"column":104}},"120":{"start":{"line":125,"column":104},"end":{"line":125,"column":138}},"121":{"start":{"line":126,"column":4},"end":{"line":126,"column":143}},"122":{"start":{"line":126,"column":64},"end":{"line":126,"column":94}},"123":{"start":{"line":126,"column":94},"end":{"line":126,"column":108}},"124":{"start":{"line":126,"column":108},"end":{"line":126,"column":142}},"125":{"start":{"line":127,"column":4},"end":{"line":127,"column":117}},"126":{"start":{"line":127,"column":42},"end":{"line":127,"column":68}},"127":{"start":{"line":127,"column":68},"end":{"line":127,"column":82}},"128":{"start":{"line":127,"column":82},"end":{"line":127,"column":116}},"129":{"start":{"line":128,"column":4},"end":{"line":128,"column":208}},"130":{"start":{"line":128,"column":139},"end":{"line":128,"column":159}},"131":{"start":{"line":128,"column":159},"end":{"line":128,"column":173}},"132":{"start":{"line":128,"column":173},"end":{"line":128,"column":207}},"133":{"start":{"line":129,"column":4},"end":{"line":129,"column":126}},"134":{"start":{"line":129,"column":46},"end":{"line":129,"column":77}},"135":{"start":{"line":129,"column":77},"end":{"line":129,"column":91}},"136":{"start":{"line":129,"column":91},"end":{"line":129,"column":125}},"137":{"start":{"line":130,"column":4},"end":{"line":135,"column":5}},"138":{"start":{"line":130,"column":14},"end":{"line":130,"column":15}},"139":{"start":{"line":131,"column":8},"end":{"line":133,"column":10}},"140":{"start":{"line":132,"column":12},"end":{"line":132,"column":46}},"141":{"start":{"line":134,"column":8},"end":{"line":134,"column":67}},"142":{"start":{"line":134,"column":33},"end":{"line":134,"column":67}},"143":{"start":{"line":136,"column":4},"end":{"line":136,"column":19}},"144":{"start":{"line":140,"column":17},"end":{"line":140,"column":65}},"145":{"start":{"line":141,"column":16},"end":{"line":141,"column":36}},"146":{"start":{"line":142,"column":14},"end":{"line":142,"column":52}},"147":{"start":{"line":143,"column":4},"end":{"line":152,"column":47}},"148":{"start":{"line":144,"column":21},"end":{"line":144,"column":47}},"149":{"start":{"line":145,"column":24},"end":{"line":145,"column":49}},"150":{"start":{"line":146,"column":8},"end":{"line":146,"column":31}},"151":{"start":{"line":147,"column":8},"end":{"line":147,"column":47}},"152":{"start":{"line":148,"column":8},"end":{"line":148,"column":56}},"153":{"start":{"line":149,"column":8},"end":{"line":149,"column":17}},"154":{"start":{"line":150,"column":8},"end":{"line":150,"column":25}},"155":{"start":{"line":152,"column":9},"end":{"line":152,"column":46}},"156":{"start":{"line":153,"column":4},"end":{"line":153,"column":32}},"157":{"start":{"line":154,"column":4},"end":{"line":154,"column":67}},"158":{"start":{"line":155,"column":4},"end":{"line":155,"column":44}},"159":{"start":{"line":156,"column":4},"end":{"line":156,"column":94}},"160":{"start":{"line":156,"column":32},"end":{"line":156,"column":59}},"161":{"start":{"line":156,"column":60},"end":{"line":156,"column":85}},"162":{"start":{"line":162,"column":0},"end":{"line":176,"column":3}},"163":{"start":{"line":163,"column":26},"end":{"line":163,"column":48}},"164":{"start":{"line":164,"column":19},"end":{"line":164,"column":67}},"165":{"start":{"line":165,"column":4},"end":{"line":165,"column":89}},"166":{"start":{"line":165,"column":81},"end":{"line":165,"column":88}},"167":{"start":{"line":166,"column":16},"end":{"line":166,"column":38}},"168":{"start":{"line":167,"column":4},"end":{"line":175,"column":5}},"169":{"start":{"line":168,"column":29},"end":{"line":168,"column":79}},"170":{"start":{"line":168,"column":79},"end":{"line":168,"column":85}},"171":{"start":{"line":169,"column":18},"end":{"line":169,"column":68}},"172":{"start":{"line":169,"column":68},"end":{"line":169,"column":74}},"173":{"start":{"line":170,"column":16},"end":{"line":170,"column":66}},"174":{"start":{"line":170,"column":66},"end":{"line":170,"column":72}},"175":{"start":{"line":171,"column":21},"end":{"line":171,"column":71}},"176":{"start":{"line":171,"column":71},"end":{"line":171,"column":77}},"177":{"start":{"line":172,"column":28},"end":{"line":172,"column":78}},"178":{"start":{"line":172,"column":78},"end":{"line":172,"column":84}},"179":{"start":{"line":173,"column":27},"end":{"line":173,"column":77}},"180":{"start":{"line":173,"column":77},"end":{"line":173,"column":83}},"181":{"start":{"line":174,"column":14},"end":{"line":174,"column":20}},"182":{"start":{"line":178,"column":0},"end":{"line":186,"column":3}},"183":{"start":{"line":179,"column":26},"end":{"line":179,"column":48}},"184":{"start":{"line":180,"column":19},"end":{"line":180,"column":67}},"185":{"start":{"line":181,"column":4},"end":{"line":181,"column":89}},"186":{"start":{"line":181,"column":81},"end":{"line":181,"column":88}},"187":{"start":{"line":182,"column":10},"end":{"line":182,"column":35}},"188":{"start":{"line":183,"column":4},"end":{"line":185,"column":5}},"189":{"start":{"line":184,"column":8},"end":{"line":184,"column":29}},"190":{"start":{"line":189,"column":4},"end":{"line":218,"column":32}},"191":{"start":{"line":190,"column":17},"end":{"line":190,"column":51}},"192":{"start":{"line":191,"column":8},"end":{"line":191,"column":23}},"193":{"start":{"line":192,"column":18},"end":{"line":192,"column":56}},"194":{"start":{"line":193,"column":8},"end":{"line":206,"column":9}},"195":{"start":{"line":193,"column":19},"end":{"line":193,"column":20}},"196":{"start":{"line":194,"column":12},"end":{"line":205,"column":13}},"197":{"start":{"line":195,"column":16},"end":{"line":195,"column":29}},"198":{"start":{"line":196,"column":16},"end":{"line":197,"column":76}},"199":{"start":{"line":197,"column":20},"end":{"line":197,"column":76}},"200":{"start":{"line":198,"column":16},"end":{"line":198,"column":67}},"201":{"start":{"line":199,"column":16},"end":{"line":199,"column":44}},"202":{"start":{"line":200,"column":16},"end":{"line":200,"column":79}},"203":{"start":{"line":201,"column":16},"end":{"line":201,"column":56}},"204":{"start":{"line":202,"column":16},"end":{"line":202,"column":79}},"205":{"start":{"line":202,"column":43},"end":{"line":202,"column":70}},"206":{"start":{"line":203,"column":16},"end":{"line":203,"column":33}},"207":{"start":{"line":204,"column":16},"end":{"line":204,"column":23}},"208":{"start":{"line":207,"column":8},"end":{"line":207,"column":23}},"209":{"start":{"line":208,"column":8},"end":{"line":208,"column":22}},"210":{"start":{"line":209,"column":8},"end":{"line":209,"column":36}},"211":{"start":{"line":210,"column":8},"end":{"line":210,"column":71}},"212":{"start":{"line":211,"column":8},"end":{"line":211,"column":48}},"213":{"start":{"line":212,"column":8},"end":{"line":212,"column":71}},"214":{"start":{"line":212,"column":35},"end":{"line":212,"column":62}},"215":{"start":{"line":213,"column":8},"end":{"line":213,"column":60}},"216":{"start":{"line":214,"column":8},"end":{"line":215,"column":63}},"217":{"start":{"line":215,"column":12},"end":{"line":215,"column":63}},"218":{"start":{"line":216,"column":8},"end":{"line":216,"column":25}},"219":{"start":{"line":218,"column":21},"end":{"line":218,"column":31}},"220":{"start":{"line":222,"column":13},"end":{"line":222,"column":47}},"221":{"start":{"line":223,"column":4},"end":{"line":245,"column":5}},"222":{"start":{"line":223,"column":15},"end":{"line":223,"column":16}},"223":{"start":{"line":224,"column":8},"end":{"line":244,"column":9}},"224":{"start":{"line":225,"column":12},"end":{"line":225,"column":25}},"225":{"start":{"line":226,"column":12},"end":{"line":243,"column":13}},"226":{"start":{"line":227,"column":16},"end":{"line":227,"column":36}},"227":{"start":{"line":228,"column":16},"end":{"line":228,"column":34}},"228":{"start":{"line":229,"column":27},"end":{"line":229,"column":47}},"229":{"start":{"line":234,"column":16},"end":{"line":234,"column":67}},"230":{"start":{"line":235,"column":16},"end":{"line":235,"column":33}},"231":{"start":{"line":236,"column":16},"end":{"line":236,"column":74}},"232":{"start":{"line":236,"column":42},"end":{"line":236,"column":58}},"233":{"start":{"line":237,"column":16},"end":{"line":237,"column":23}},"234":{"start":{"line":240,"column":16},"end":{"line":240,"column":72}},"235":{"start":{"line":241,"column":16},"end":{"line":241,"column":67}},"236":{"start":{"line":242,"column":16},"end":{"line":242,"column":33}},"237":{"start":{"line":246,"column":4},"end":{"line":246,"column":17}},"238":{"start":{"line":250,"column":21},"end":{"line":250,"column":56}},"239":{"start":{"line":251,"column":25},"end":{"line":251,"column":63}},"240":{"start":{"line":252,"column":21},"end":{"line":252,"column":66}},"241":{"start":{"line":253,"column":4},"end":{"line":253,"column":66}},"242":{"start":{"line":253,"column":29},"end":{"line":253,"column":65}},"243":{"start":{"line":254,"column":16},"end":{"line":254,"column":17}},"244":{"start":{"line":254,"column":25},"end":{"line":254,"column":26}},"245":{"start":{"line":255,"column":17},"end":{"line":255,"column":43}},"246":{"start":{"line":256,"column":4},"end":{"line":259,"column":36}},"247":{"start":{"line":257,"column":8},"end":{"line":257,"column":19}},"248":{"start":{"line":257,"column":20},"end":{"line":257,"column":72}},"249":{"start":{"line":259,"column":8},"end":{"line":259,"column":35}},"250":{"start":{"line":260,"column":4},"end":{"line":263,"column":5}},"251":{"start":{"line":260,"column":15},"end":{"line":260,"column":16}},"252":{"start":{"line":261,"column":8},"end":{"line":261,"column":28}},"253":{"start":{"line":262,"column":8},"end":{"line":262,"column":46}},"254":{"start":{"line":264,"column":4},"end":{"line":264,"column":42}},"255":{"start":{"line":265,"column":4},"end":{"line":265,"column":112}},"256":{"start":{"line":265,"column":34},"end":{"line":265,"column":112}},"257":{"start":{"line":266,"column":4},"end":{"line":266,"column":37}},"258":{"start":{"line":270,"column":4},"end":{"line":277,"column":35}},"259":{"start":{"line":271,"column":8},"end":{"line":275,"column":9}},"260":{"start":{"line":271,"column":18},"end":{"line":271,"column":19}},"261":{"start":{"line":272,"column":12},"end":{"line":274,"column":13}},"262":{"start":{"line":273,"column":16},"end":{"line":273,"column":53}},"263":{"start":{"line":276,"column":8},"end":{"line":276,"column":17}},"264":{"start":{"line":277,"column":24},"end":{"line":277,"column":34}},"265":{"start":{"line":280,"column":0},"end":{"line":304,"column":3}},"266":{"start":{"line":281,"column":4},"end":{"line":285,"column":5}},"267":{"start":{"line":282,"column":8},"end":{"line":282,"column":34}},"268":{"start":{"line":284,"column":8},"end":{"line":284,"column":33}},"269":{"start":{"line":286,"column":17},"end":{"line":286,"column":43}},"270":{"start":{"line":287,"column":4},"end":{"line":290,"column":38}},"271":{"start":{"line":288,"column":8},"end":{"line":288,"column":19}},"272":{"start":{"line":288,"column":20},"end":{"line":288,"column":72}},"273":{"start":{"line":290,"column":8},"end":{"line":290,"column":37}},"274":{"start":{"line":291,"column":17},"end":{"line":291,"column":61}},"275":{"start":{"line":292,"column":4},"end":{"line":292,"column":44}},"276":{"start":{"line":292,"column":25},"end":{"line":292,"column":44}},"277":{"start":{"line":293,"column":20},"end":{"line":293,"column":80}},"278":{"start":{"line":294,"column":4},"end":{"line":294,"column":73}},"279":{"start":{"line":295,"column":4},"end":{"line":295,"column":81}},"280":{"start":{"line":296,"column":15},"end":{"line":296,"column":59}},"281":{"start":{"line":297,"column":4},"end":{"line":301,"column":5}},"282":{"start":{"line":297,"column":14},"end":{"line":297,"column":15}},"283":{"start":{"line":298,"column":20},"end":{"line":298,"column":58}},"284":{"start":{"line":299,"column":8},"end":{"line":299,"column":55}},"285":{"start":{"line":300,"column":8},"end":{"line":300,"column":46}},"286":{"start":{"line":302,"column":4},"end":{"line":302,"column":21}},"287":{"start":{"line":303,"column":4},"end":{"line":303,"column":28}},"288":{"start":{"line":306,"column":0},"end":{"line":306,"column":75}},"289":{"start":{"line":306,"column":54},"end":{"line":306,"column":72}}},"fnMap":{"0":{"name":"(anonymous_0)","decl":{"start":{"line":13,"column":8},"end":{"line":13,"column":9}},"loc":{"start":{"line":13,"column":19},"end":{"line":17,"column":1}},"line":13},"1":{"name":"(anonymous_1)","decl":{"start":{"line":19,"column":4},"end":{"line":19,"column":5}},"loc":{"start":{"line":19,"column":39},"end":{"line":25,"column":5}},"line":19},"2":{"name":"(anonymous_2)","decl":{"start":{"line":26,"column":4},"end":{"line":26,"column":5}},"loc":{"start":{"line":26,"column":19},"end":{"line":53,"column":5}},"line":26},"3":{"name":"(anonymous_3)","decl":{"start":{"line":56,"column":4},"end":{"line":56,"column":5}},"loc":{"start":{"line":56,"column":36},"end":{"line":68,"column":5}},"line":56},"4":{"name":"(anonymous_4)","decl":{"start":{"line":73,"column":33},"end":{"line":73,"column":34}},"loc":{"start":{"line":73,"column":42},"end":{"line":95,"column":1}},"line":73},"5":{"name":"retouchText","decl":{"start":{"line":97,"column":9},"end":{"line":97,"column":20}},"loc":{"start":{"line":97,"column":45},"end":{"line":101,"column":1}},"line":97},"6":{"name":"isDate","decl":{"start":{"line":103,"column":9},"end":{"line":103,"column":15}},"loc":{"start":{"line":103,"column":21},"end":{"line":114,"column":1}},"line":103},"7":{"name":"validation","decl":{"start":{"line":116,"column":9},"end":{"line":116,"column":19}},"loc":{"start":{"line":116,"column":29},"end":{"line":137,"column":1}},"line":116},"8":{"name":"(anonymous_8)","decl":{"start":{"line":131,"column":28},"end":{"line":131,"column":29}},"loc":{"start":{"line":131,"column":40},"end":{"line":133,"column":9}},"line":131},"9":{"name":"pushOrder","decl":{"start":{"line":139,"column":15},"end":{"line":139,"column":24}},"loc":{"start":{"line":139,"column":27},"end":{"line":157,"column":1}},"line":139},"10":{"name":"del3","decl":{"start":{"line":156,"column":24},"end":{"line":156,"column":28}},"loc":{"start":{"line":156,"column":30},"end":{"line":156,"column":86}},"line":156},"11":{"name":"(anonymous_11)","decl":{"start":{"line":162,"column":37},"end":{"line":162,"column":38}},"loc":{"start":{"line":162,"column":46},"end":{"line":176,"column":1}},"line":162},"12":{"name":"(anonymous_12)","decl":{"start":{"line":178,"column":36},"end":{"line":178,"column":37}},"loc":{"start":{"line":178,"column":45},"end":{"line":186,"column":1}},"line":178},"13":{"name":"addToOrder","decl":{"start":{"line":188,"column":9},"end":{"line":188,"column":19}},"loc":{"start":{"line":188,"column":27},"end":{"line":219,"column":1}},"line":188},"14":{"name":"del2","decl":{"start":{"line":202,"column":36},"end":{"line":202,"column":40}},"loc":{"start":{"line":202,"column":42},"end":{"line":202,"column":71}},"line":202},"15":{"name":"del2","decl":{"start":{"line":212,"column":28},"end":{"line":212,"column":32}},"loc":{"start":{"line":212,"column":34},"end":{"line":212,"column":63}},"line":212},"16":{"name":"deleteFromOrder","decl":{"start":{"line":221,"column":9},"end":{"line":221,"column":24}},"loc":{"start":{"line":221,"column":32},"end":{"line":247,"column":1}},"line":221},"17":{"name":"del","decl":{"start":{"line":236,"column":36},"end":{"line":236,"column":39}},"loc":{"start":{"line":236,"column":41},"end":{"line":236,"column":59}},"line":236},"18":{"name":"refreshCounter","decl":{"start":{"line":249,"column":9},"end":{"line":249,"column":23}},"loc":{"start":{"line":249,"column":25},"end":{"line":267,"column":1}},"line":249},"19":{"name":"findPrice","decl":{"start":{"line":269,"column":9},"end":{"line":269,"column":18}},"loc":{"start":{"line":269,"column":22},"end":{"line":278,"column":1}},"line":269},"20":{"name":"(anonymous_20)","decl":{"start":{"line":280,"column":32},"end":{"line":280,"column":33}},"loc":{"start":{"line":280,"column":47},"end":{"line":304,"column":1}},"line":280},"21":{"name":"(anonymous_21)","decl":{"start":{"line":306,"column":38},"end":{"line":306,"column":39}},"loc":{"start":{"line":306,"column":53},"end":{"line":306,"column":73}},"line":306}},"branchMap":{"0":{"loc":{"start":{"line":24,"column":8},"end":{"line":24,"column":65}},"type":"if","locations":[{"start":{"line":24,"column":8},"end":{"line":24,"column":65}},{"start":{"line":24,"column":8},"end":{"line":24,"column":65}}],"line":24},"1":{"loc":{"start":{"line":27,"column":8},"end":{"line":52,"column":9}},"type":"switch","locations":[{"start":{"line":28,"column":8},"end":{"line":35,"column":9}},{"start":{"line":36,"column":8},"end":{"line":40,"column":9}},{"start":{"line":41,"column":8},"end":{"line":45,"column":9}},{"start":{"line":46,"column":8},"end":{"line":46,"column":96}},{"start":{"line":47,"column":8},"end":{"line":50,"column":15}},{"start":{"line":51,"column":8},"end":{"line":51,"column":86}}],"line":27},"2":{"loc":{"start":{"line":28,"column":25},"end":{"line":33,"column":50}},"type":"if","locations":[{"start":{"line":28,"column":25},"end":{"line":33,"column":50}},{"start":{"line":28,"column":25},"end":{"line":33,"column":50}}],"line":28},"3":{"loc":{"start":{"line":29,"column":12},"end":{"line":31,"column":44}},"type":"if","locations":[{"start":{"line":29,"column":12},"end":{"line":31,"column":44}},{"start":{"line":29,"column":12},"end":{"line":31,"column":44}}],"line":29},"4":{"loc":{"start":{"line":29,"column":16},"end":{"line":29,"column":69}},"type":"binary-expr","locations":[{"start":{"line":29,"column":16},"end":{"line":29,"column":30}},{"start":{"line":29,"column":34},"end":{"line":29,"column":69}}],"line":29},"5":{"loc":{"start":{"line":36,"column":27},"end":{"line":38,"column":40}},"type":"if","locations":[{"start":{"line":36,"column":27},"end":{"line":38,"column":40}},{"start":{"line":36,"column":27},"end":{"line":38,"column":40}}],"line":36},"6":{"loc":{"start":{"line":36,"column":31},"end":{"line":36,"column":82}},"type":"binary-expr","locations":[{"start":{"line":36,"column":31},"end":{"line":36,"column":45}},{"start":{"line":36,"column":49},"end":{"line":36,"column":82}}],"line":36},"7":{"loc":{"start":{"line":41,"column":32},"end":{"line":43,"column":40}},"type":"if","locations":[{"start":{"line":41,"column":32},"end":{"line":43,"column":40}},{"start":{"line":41,"column":32},"end":{"line":43,"column":40}}],"line":41},"8":{"loc":{"start":{"line":41,"column":36},"end":{"line":41,"column":89}},"type":"binary-expr","locations":[{"start":{"line":41,"column":36},"end":{"line":41,"column":50}},{"start":{"line":41,"column":54},"end":{"line":41,"column":89}}],"line":41},"9":{"loc":{"start":{"line":47,"column":30},"end":{"line":49,"column":41}},"type":"if","locations":[{"start":{"line":47,"column":30},"end":{"line":49,"column":41}},{"start":{"line":47,"column":30},"end":{"line":49,"column":41}}],"line":47},"10":{"loc":{"start":{"line":61,"column":8},"end":{"line":64,"column":40}},"type":"if","locations":[{"start":{"line":61,"column":8},"end":{"line":64,"column":40}},{"start":{"line":61,"column":8},"end":{"line":64,"column":40}}],"line":61},"11":{"loc":{"start":{"line":61,"column":11},"end":{"line":61,"column":73}},"type":"binary-expr","locations":[{"start":{"line":61,"column":11},"end":{"line":61,"column":40}},{"start":{"line":61,"column":44},"end":{"line":61,"column":73}}],"line":61},"12":{"loc":{"start":{"line":65,"column":8},"end":{"line":66,"column":28}},"type":"if","locations":[{"start":{"line":65,"column":8},"end":{"line":66,"column":28}},{"start":{"line":65,"column":8},"end":{"line":66,"column":28}}],"line":65},"13":{"loc":{"start":{"line":65,"column":12},"end":{"line":65,"column":72}},"type":"binary-expr","locations":[{"start":{"line":65,"column":12},"end":{"line":65,"column":40}},{"start":{"line":65,"column":44},"end":{"line":65,"column":72}}],"line":65},"14":{"loc":{"start":{"line":75,"column":4},"end":{"line":75,"column":81}},"type":"if","locations":[{"start":{"line":75,"column":4},"end":{"line":75,"column":81}},{"start":{"line":75,"column":4},"end":{"line":75,"column":81}}],"line":75},"15":{"loc":{"start":{"line":75,"column":8},"end":{"line":75,"column":58}},"type":"binary-expr","locations":[{"start":{"line":75,"column":8},"end":{"line":75,"column":27}},{"start":{"line":75,"column":31},"end":{"line":75,"column":58}}],"line":75},"16":{"loc":{"start":{"line":78,"column":4},"end":{"line":94,"column":5}},"type":"switch","locations":[{"start":{"line":79,"column":4},"end":{"line":79,"column":79}},{"start":{"line":80,"column":4},"end":{"line":80,"column":118}},{"start":{"line":81,"column":4},"end":{"line":81,"column":116}},{"start":{"line":82,"column":4},"end":{"line":82,"column":115}},{"start":{"line":83,"column":4},"end":{"line":83,"column":91}},{"start":{"line":84,"column":4},"end":{"line":84,"column":81}},{"start":{"line":85,"column":4},"end":{"line":85,"column":84}},{"start":{"line":86,"column":4},"end":{"line":86,"column":50}},{"start":{"line":87,"column":4},"end":{"line":87,"column":57}},{"start":{"line":88,"column":4},"end":{"line":88,"column":83}},{"start":{"line":89,"column":4},"end":{"line":89,"column":66}},{"start":{"line":90,"column":4},"end":{"line":90,"column":40}},{"start":{"line":91,"column":4},"end":{"line":91,"column":58}},{"start":{"line":92,"column":4},"end":{"line":92,"column":49}},{"start":{"line":93,"column":4},"end":{"line":93,"column":21}}],"line":78},"17":{"loc":{"start":{"line":80,"column":25},"end":{"line":80,"column":109}},"type":"if","locations":[{"start":{"line":80,"column":25},"end":{"line":80,"column":109}},{"start":{"line":80,"column":25},"end":{"line":80,"column":109}}],"line":80},"18":{"loc":{"start":{"line":80,"column":29},"end":{"line":80,"column":70}},"type":"binary-expr","locations":[{"start":{"line":80,"column":29},"end":{"line":80,"column":47}},{"start":{"line":80,"column":51},"end":{"line":80,"column":70}}],"line":80},"19":{"loc":{"start":{"line":81,"column":24},"end":{"line":81,"column":108}},"type":"if","locations":[{"start":{"line":81,"column":24},"end":{"line":81,"column":108}},{"start":{"line":81,"column":24},"end":{"line":81,"column":108}}],"line":81},"20":{"loc":{"start":{"line":81,"column":28},"end":{"line":81,"column":69}},"type":"binary-expr","locations":[{"start":{"line":81,"column":28},"end":{"line":81,"column":46}},{"start":{"line":81,"column":50},"end":{"line":81,"column":69}}],"line":81},"21":{"loc":{"start":{"line":82,"column":22},"end":{"line":82,"column":106}},"type":"if","locations":[{"start":{"line":82,"column":22},"end":{"line":82,"column":106}},{"start":{"line":82,"column":22},"end":{"line":82,"column":106}}],"line":82},"22":{"loc":{"start":{"line":82,"column":26},"end":{"line":82,"column":67}},"type":"binary-expr","locations":[{"start":{"line":82,"column":26},"end":{"line":82,"column":44}},{"start":{"line":82,"column":48},"end":{"line":82,"column":67}}],"line":82},"23":{"loc":{"start":{"line":88,"column":21},"end":{"line":88,"column":76}},"type":"if","locations":[{"start":{"line":88,"column":21},"end":{"line":88,"column":76}},{"start":{"line":88,"column":21},"end":{"line":88,"column":76}}],"line":88},"24":{"loc":{"start":{"line":99,"column":4},"end":{"line":100,"column":32}},"type":"if","locations":[{"start":{"line":99,"column":4},"end":{"line":100,"column":32}},{"start":{"line":99,"column":4},"end":{"line":100,"column":32}}],"line":99},"25":{"loc":{"start":{"line":99,"column":7},"end":{"line":99,"column":60}},"type":"binary-expr","locations":[{"start":{"line":99,"column":7},"end":{"line":99,"column":28}},{"start":{"line":99,"column":32},"end":{"line":99,"column":60}}],"line":99},"26":{"loc":{"start":{"line":106,"column":4},"end":{"line":106,"column":35}},"type":"if","locations":[{"start":{"line":106,"column":4},"end":{"line":106,"column":35}},{"start":{"line":106,"column":4},"end":{"line":106,"column":35}}],"line":106},"27":{"loc":{"start":{"line":109,"column":8},"end":{"line":109,"column":55}},"type":"if","locations":[{"start":{"line":109,"column":8},"end":{"line":109,"column":55}},{"start":{"line":109,"column":8},"end":{"line":109,"column":55}}],"line":109},"28":{"loc":{"start":{"line":110,"column":8},"end":{"line":110,"column":58}},"type":"if","locations":[{"start":{"line":110,"column":8},"end":{"line":110,"column":58}},{"start":{"line":110,"column":8},"end":{"line":110,"column":58}}],"line":110},"29":{"loc":{"start":{"line":124,"column":4},"end":{"line":124,"column":138}},"type":"if","locations":[{"start":{"line":124,"column":4},"end":{"line":124,"column":138}},{"start":{"line":124,"column":4},"end":{"line":124,"column":138}}],"line":124},"30":{"loc":{"start":{"line":125,"column":4},"end":{"line":125,"column":139}},"type":"if","locations":[{"start":{"line":125,"column":4},"end":{"line":125,"column":139}},{"start":{"line":125,"column":4},"end":{"line":125,"column":139}}],"line":125},"31":{"loc":{"start":{"line":125,"column":8},"end":{"line":125,"column":62}},"type":"binary-expr","locations":[{"start":{"line":125,"column":8},"end":{"line":125,"column":37}},{"start":{"line":125,"column":41},"end":{"line":125,"column":62}}],"line":125},"32":{"loc":{"start":{"line":126,"column":4},"end":{"line":126,"column":143}},"type":"if","locations":[{"start":{"line":126,"column":4},"end":{"line":126,"column":143}},{"start":{"line":126,"column":4},"end":{"line":126,"column":143}}],"line":126},"33":{"loc":{"start":{"line":126,"column":8},"end":{"line":126,"column":62}},"type":"binary-expr","locations":[{"start":{"line":126,"column":8},"end":{"line":126,"column":37}},{"start":{"line":126,"column":41},"end":{"line":126,"column":62}}],"line":126},"34":{"loc":{"start":{"line":127,"column":4},"end":{"line":127,"column":117}},"type":"if","locations":[{"start":{"line":127,"column":4},"end":{"line":127,"column":117}},{"start":{"line":127,"column":4},"end":{"line":127,"column":117}}],"line":127},"35":{"loc":{"start":{"line":128,"column":4},"end":{"line":128,"column":208}},"type":"if","locations":[{"start":{"line":128,"column":4},"end":{"line":128,"column":208}},{"start":{"line":128,"column":4},"end":{"line":128,"column":208}}],"line":128},"36":{"loc":{"start":{"line":128,"column":10},"end":{"line":128,"column":135}},"type":"binary-expr","locations":[{"start":{"line":128,"column":11},"end":{"line":128,"column":39}},{"start":{"line":128,"column":43},"end":{"line":128,"column":68}},{"start":{"line":128,"column":73},"end":{"line":128,"column":102}},{"start":{"line":128,"column":106},"end":{"line":128,"column":135}}],"line":128},"37":{"loc":{"start":{"line":129,"column":4},"end":{"line":129,"column":126}},"type":"if","locations":[{"start":{"line":129,"column":4},"end":{"line":129,"column":126}},{"start":{"line":129,"column":4},"end":{"line":129,"column":126}}],"line":129},"38":{"loc":{"start":{"line":134,"column":8},"end":{"line":134,"column":67}},"type":"if","locations":[{"start":{"line":134,"column":8},"end":{"line":134,"column":67}},{"start":{"line":134,"column":8},"end":{"line":134,"column":67}}],"line":134},"39":{"loc":{"start":{"line":143,"column":4},"end":{"line":152,"column":47}},"type":"if","locations":[{"start":{"line":143,"column":4},"end":{"line":152,"column":47}},{"start":{"line":143,"column":4},"end":{"line":152,"column":47}}],"line":143},"40":{"loc":{"start":{"line":165,"column":4},"end":{"line":165,"column":89}},"type":"if","locations":[{"start":{"line":165,"column":4},"end":{"line":165,"column":89}},{"start":{"line":165,"column":4},"end":{"line":165,"column":89}}],"line":165},"41":{"loc":{"start":{"line":165,"column":8},"end":{"line":165,"column":79}},"type":"binary-expr","locations":[{"start":{"line":165,"column":8},"end":{"line":165,"column":44}},{"start":{"line":165,"column":48},"end":{"line":165,"column":79}}],"line":165},"42":{"loc":{"start":{"line":167,"column":4},"end":{"line":175,"column":5}},"type":"switch","locations":[{"start":{"line":168,"column":4},"end":{"line":168,"column":86}},{"start":{"line":169,"column":4},"end":{"line":169,"column":75}},{"start":{"line":170,"column":4},"end":{"line":170,"column":73}},{"start":{"line":171,"column":4},"end":{"line":171,"column":78}},{"start":{"line":172,"column":4},"end":{"line":172,"column":85}},{"start":{"line":173,"column":4},"end":{"line":173,"column":84}},{"start":{"line":174,"column":4},"end":{"line":174,"column":21}}],"line":167},"43":{"loc":{"start":{"line":181,"column":4},"end":{"line":181,"column":89}},"type":"if","locations":[{"start":{"line":181,"column":4},"end":{"line":181,"column":89}},{"start":{"line":181,"column":4},"end":{"line":181,"column":89}}],"line":181},"44":{"loc":{"start":{"line":181,"column":8},"end":{"line":181,"column":79}},"type":"binary-expr","locations":[{"start":{"line":181,"column":8},"end":{"line":181,"column":44}},{"start":{"line":181,"column":48},"end":{"line":181,"column":79}}],"line":181},"45":{"loc":{"start":{"line":183,"column":4},"end":{"line":185,"column":5}},"type":"if","locations":[{"start":{"line":183,"column":4},"end":{"line":185,"column":5}},{"start":{"line":183,"column":4},"end":{"line":185,"column":5}}],"line":183},"46":{"loc":{"start":{"line":194,"column":12},"end":{"line":205,"column":13}},"type":"if","locations":[{"start":{"line":194,"column":12},"end":{"line":205,"column":13}},{"start":{"line":194,"column":12},"end":{"line":205,"column":13}}],"line":194},"47":{"loc":{"start":{"line":196,"column":16},"end":{"line":197,"column":76}},"type":"if","locations":[{"start":{"line":196,"column":16},"end":{"line":197,"column":76}},{"start":{"line":196,"column":16},"end":{"line":197,"column":76}}],"line":196},"48":{"loc":{"start":{"line":214,"column":8},"end":{"line":215,"column":63}},"type":"if","locations":[{"start":{"line":214,"column":8},"end":{"line":215,"column":63}},{"start":{"line":214,"column":8},"end":{"line":215,"column":63}}],"line":214},"49":{"loc":{"start":{"line":224,"column":8},"end":{"line":244,"column":9}},"type":"if","locations":[{"start":{"line":224,"column":8},"end":{"line":244,"column":9}},{"start":{"line":224,"column":8},"end":{"line":244,"column":9}}],"line":224},"50":{"loc":{"start":{"line":226,"column":12},"end":{"line":243,"column":13}},"type":"if","locations":[{"start":{"line":226,"column":12},"end":{"line":243,"column":13}},{"start":{"line":226,"column":12},"end":{"line":243,"column":13}}],"line":226},"51":{"loc":{"start":{"line":253,"column":4},"end":{"line":253,"column":66}},"type":"if","locations":[{"start":{"line":253,"column":4},"end":{"line":253,"column":66}},{"start":{"line":253,"column":4},"end":{"line":253,"column":66}}],"line":253},"52":{"loc":{"start":{"line":256,"column":4},"end":{"line":259,"column":36}},"type":"if","locations":[{"start":{"line":256,"column":4},"end":{"line":259,"column":36}},{"start":{"line":256,"column":4},"end":{"line":259,"column":36}}],"line":256},"53":{"loc":{"start":{"line":265,"column":4},"end":{"line":265,"column":112}},"type":"if","locations":[{"start":{"line":265,"column":4},"end":{"line":265,"column":112}},{"start":{"line":265,"column":4},"end":{"line":265,"column":112}}],"line":265},"54":{"loc":{"start":{"line":272,"column":12},"end":{"line":274,"column":13}},"type":"if","locations":[{"start":{"line":272,"column":12},"end":{"line":274,"column":13}},{"start":{"line":272,"column":12},"end":{"line":274,"column":13}}],"line":272},"55":{"loc":{"start":{"line":287,"column":4},"end":{"line":290,"column":38}},"type":"if","locations":[{"start":{"line":287,"column":4},"end":{"line":290,"column":38}},{"start":{"line":287,"column":4},"end":{"line":290,"column":38}}],"line":287},"56":{"loc":{"start":{"line":292,"column":4},"end":{"line":292,"column":44}},"type":"if","locations":[{"start":{"line":292,"column":4},"end":{"line":292,"column":44}},{"start":{"line":292,"column":4},"end":{"line":292,"column":44}}],"line":292}},"s":{"0":1,"1":1,"2":1,"3":1,"4":1,"5":0,"6":0,"7":0,"8":5,"9":5,"10":5,"11":5,"12":5,"13":4,"14":4,"15":4,"16":3,"17":2,"18":1,"19":1,"20":4,"21":0,"22":0,"23":0,"24":0,"25":0,"26":0,"27":0,"28":0,"29":0,"30":0,"31":0,"32":0,"33":0,"34":0,"35":0,"36":0,"37":0,"38":0,"39":0,"40":2,"41":2,"42":2,"43":2,"44":2,"45":0,"46":2,"47":2,"48":1,"49":1,"50":2,"51":1,"52":1,"53":0,"54":0,"55":0,"56":0,"57":0,"58":0,"59":0,"60":0,"61":0,"62":0,"63":0,"64":0,"65":0,"66":0,"67":0,"68":0,"69":0,"70":0,"71":0,"72":0,"73":0,"74":0,"75":0,"76":0,"77":0,"78":0,"79":0,"80":0,"81":0,"82":0,"83":0,"84":0,"85":0,"86":0,"87":0,"88":0,"89":0,"90":0,"91":0,"92":1,"93":1,"94":1,"95":3,"96":3,"97":1,"98":2,"99":2,"100":2,"101":1,"102":1,"103":0,"104":1,"105":1,"106":3,"107":3,"108":3,"109":3,"110":3,"111":3,"112":3,"113":3,"114":1,"115":1,"116":1,"117":3,"118":0,"119":0,"120":0,"121":3,"122":0,"123":0,"124":0,"125":3,"126":0,"127":0,"128":0,"129":3,"130":1,"131":1,"132":1,"133":3,"134":0,"135":0,"136":0,"137":3,"138":3,"139":18,"140":0,"141":18,"142":5,"143":3,"144":1,"145":1,"146":1,"147":1,"148":0,"149":0,"150":0,"151":0,"152":0,"153":0,"154":0,"155":1,"156":1,"157":1,"158":1,"159":1,"160":0,"161":0,"162":1,"163":0,"164":0,"165":0,"166":0,"167":0,"168":0,"169":0,"170":0,"171":0,"172":0,"173":0,"174":0,"175":0,"176":0,"177":0,"178":0,"179":0,"180":0,"181":0,"182":1,"183":0,"184":0,"185":0,"186":0,"187":0,"188":0,"189":0,"190":1,"191":1,"192":1,"193":1,"194":1,"195":1,"196":0,"197":0,"198":0,"199":0,"200":0,"201":0,"202":0,"203":0,"204":0,"205":0,"206":0,"207":0,"208":1,"209":1,"210":1,"211":0,"212":0,"213":0,"214":0,"215":0,"216":0,"217":0,"218":0,"219":1,"220":1,"221":1,"222":1,"223":1,"224":1,"225":1,"226":1,"227":1,"228":1,"229":1,"230":1,"231":1,"232":0,"233":1,"234":0,"235":0,"236":0,"237":0,"238":1,"239":1,"240":1,"241":1,"242":0,"243":1,"244":1,"245":1,"246":1,"247":0,"248":0,"249":1,"250":1,"251":1,"252":0,"253":0,"254":1,"255":1,"256":0,"257":1,"258":1,"259":1,"260":1,"261":0,"262":0,"263":0,"264":1,"265":1,"266":2,"267":2,"268":0,"269":0,"270":0,"271":0,"272":0,"273":0,"274":0,"275":0,"276":0,"277":0,"278":0,"279":0,"280":0,"281":0,"282":0,"283":0,"284":0,"285":0,"286":0,"287":0,"288":1,"289":1},"f":{"0":0,"1":5,"2":4,"3":2,"4":0,"5":1,"6":3,"7":3,"8":0,"9":1,"10":0,"11":0,"12":0,"13":1,"14":0,"15":0,"16":1,"17":0,"18":1,"19":1,"20":2,"21":1},"b":{"0":[4,1],"1":[4,0,0,0,0,0],"2":[3,1],"3":[2,1],"4":[3,3],"5":[0,0],"6":[0,0],"7":[0,0],"8":[0,0],"9":[0,0],"10":[0,2],"11":[2,2],"12":[1,1],"13":[2,2],"14":[0,0],"15":[0,0],"16":[0,0,0,0,0,0,0,0,0,0,0,0,0,0,0],"17":[0,0],"18":[0,0],"19":[0,0],"20":[0,0],"21":[0,0],"22":[0,0],"23":[0,0],"24":[1,0],"25":[1,0],"26":[1,2],"27":[1,1],"28":[0,1],"29":[1,2],"30":[0,3],"31":[3,3],"32":[0,3],"33":[3,2],"34":[0,3],"35":[1,2],"36":[3,0,3,1],"37":[0,3],"38":[5,13],"39":[0,1],"40":[0,0],"41":[0,0],"42":[0,0,0,0,0,0,0],"43":[0,0],"44":[0,0],"45":[0,0],"46":[0,0],"47":[0,0],"48":[0,0],"49":[1,0],"50":[1,0],"51":[0,1],"52":[0,1],"53":[0,1],"54":[0,0],"55":[0,0],"56":[0,0]},"_coverageSchema":"1a1c01bbd47fc00a2c39e90264f33305004495a9","hash":"beaa0e31004b8709d898cd4b88e6ad5f13c2a747"}
}
