TN:
SF:jsFiles\animation.js
FN:2,indexFull
FN:36,(anonymous_1)
FN:41,catalogFull
FN:68,catalogOneFull
FN:93,actionOneFull
FN:101,oneProductFull
FN:142,banerstep
FN:154,moveImg
FN:159,sliderUp
FN:174,sliderDown
FN:187,repaintDot
FN:203,orderFull
FN:220,basketFull
FN:247,incertElement
FN:254,incertElementDetails
FN:262,incertImg
FN:270,incertElementInPlace
FN:277,onReady
FN:278,(anonymous_18)
FNF:19
FNH:14
FNDA:1,indexFull
FNDA:0,(anonymous_1)
FNDA:2,catalogFull
FNDA:4,catalogOneFull
FNDA:1,actionOneFull
FNDA:1,oneProductFull
FNDA:1,banerstep
FNDA:2,moveImg
FNDA:0,sliderUp
FNDA:0,sliderDown
FNDA:5,repaintDot
FNDA:0,orderFull
FNDA:1,basketFull
FNDA:285,incertElement
FNDA:47,incertElementDetails
FNDA:48,incertImg
FNDA:2,incertElementInPlace
FNDA:3,onReady
FNDA:0,(anonymous_18)
DA:3,1
DA:4,1
DA:5,1
DA:6,3
DA:7,3
DA:8,3
DA:9,3
DA:10,3
DA:12,1
DA:13,1
DA:14,1
DA:15,1
DA:16,3
DA:18,1
DA:19,1
DA:20,1
DA:21,1
DA:22,1
DA:23,12
DA:24,7
DA:25,7
DA:26,7
DA:27,7
DA:28,7
DA:29,7
DA:30,7
DA:31,7
DA:32,7
DA:33,7
DA:36,1
DA:37,0
DA:42,2
DA:43,2
DA:44,16
DA:45,16
DA:46,16
DA:47,16
DA:48,192
DA:49,24
DA:50,24
DA:51,24
DA:52,24
DA:53,24
DA:54,24
DA:55,24
DA:56,24
DA:57,24
DA:58,24
DA:61,16
DA:62,4
DA:63,4
DA:69,4
DA:70,4
DA:71,4
DA:72,4
DA:73,4
DA:74,36
DA:75,7
DA:76,7
DA:77,7
DA:78,7
DA:79,7
DA:80,7
DA:81,7
DA:82,7
DA:83,7
DA:84,7
DA:87,4
DA:88,1
DA:89,1
DA:94,1
DA:95,1
DA:96,1
DA:97,1
DA:98,1
DA:102,1
DA:103,1
DA:104,1
DA:105,2
DA:108,1
DA:109,1
DA:110,1
DA:111,1
DA:112,1
DA:113,1
DA:114,1
DA:115,1
DA:116,1
DA:117,1
DA:118,1
DA:119,1
DA:121,1
DA:122,1
DA:123,1
DA:124,1
DA:125,1
DA:126,2
DA:127,2
DA:128,2
DA:129,2
DA:130,2
DA:131,2
DA:132,2
DA:133,2
DA:134,2
DA:135,2
DA:136,2
DA:137,2
DA:141,2
DA:143,1
DA:144,1
DA:145,1
DA:146,1
DA:147,1
DA:148,1
DA:149,1
DA:151,0
DA:155,2
DA:156,2
DA:157,2
DA:158,2
DA:160,0
DA:161,0
DA:162,0
DA:163,0
DA:164,0
DA:165,0
DA:167,0
DA:169,0
DA:170,0
DA:171,0
DA:175,0
DA:176,0
DA:177,0
DA:178,0
DA:179,0
DA:180,0
DA:183,2
DA:184,2
DA:188,5
DA:189,5
DA:190,3
DA:191,3
DA:192,0
DA:193,0
DA:194,0
DA:196,3
DA:197,0
DA:198,0
DA:199,0
DA:204,0
DA:205,0
DA:206,0
DA:207,0
DA:208,0
DA:209,0
DA:210,0
DA:212,0
DA:213,0
DA:214,0
DA:215,0
DA:216,0
DA:217,0
DA:221,1
DA:222,1
DA:223,1
DA:224,1
DA:225,1
DA:226,1
DA:227,1
DA:228,1
DA:229,1
DA:230,1
DA:231,1
DA:232,1
DA:233,1
DA:234,1
DA:235,1
DA:236,1
DA:237,1
DA:238,1
DA:239,1
DA:240,1
DA:241,1
DA:242,1
DA:243,1
DA:249,285
DA:250,285
DA:251,285
DA:252,285
DA:256,47
DA:257,47
DA:258,47
DA:259,47
DA:260,47
DA:264,48
DA:265,48
DA:266,48
DA:267,48
DA:268,48
DA:272,2
DA:273,2
DA:274,2
DA:275,2
DA:278,3
DA:279,0
DA:280,0
DA:281,0
LF:208
LH:168
BRDA:23,0,0,7
BRDA:23,0,1,5
BRDA:48,1,0,24
BRDA:48,1,1,168
BRDA:61,2,0,4
BRDA:61,2,1,12
BRDA:74,3,0,7
BRDA:74,3,1,29
BRDA:87,4,0,1
BRDA:87,4,1,3
BRDA:143,5,0,1
BRDA:143,5,1,0
BRDA:146,6,0,0
BRDA:146,6,1,1
BRDA:148,7,0,1
BRDA:148,7,1,0
BRDA:160,8,0,0
BRDA:160,8,1,0
BRDA:163,9,0,0
BRDA:163,9,1,0
BRDA:165,10,0,0
BRDA:165,10,1,0
BRDA:165,11,0,0
BRDA:165,11,1,0
BRDA:169,12,0,0
BRDA:169,12,1,0
BRDA:175,13,0,0
BRDA:175,13,1,0
BRDA:177,14,0,0
BRDA:177,14,1,0
BRDA:179,15,0,0
BRDA:179,15,1,0
BRDA:189,16,0,2
BRDA:189,16,1,3
BRDA:191,17,0,0
BRDA:191,17,1,3
BRDA:196,18,0,0
BRDA:196,18,1,3
BRDA:279,19,0,0
BRDA:279,19,1,0
BRF:40
BRH:17
end_of_record
TN:
SF:jsFiles\data.js
FN:3,fetchMyData
FN:6,(anonymous_1)
FN:7,(anonymous_2)
FN:9,postOrder
FN:16,(anonymous_4)
FN:17,(anonymous_5)
FNF:6
FNH:6
FNDA:3,fetchMyData
FNDA:1,(anonymous_1)
FNDA:1,(anonymous_2)
FNDA:2,postOrder
FNDA:1,(anonymous_4)
FNDA:1,(anonymous_5)
DA:2,2
DA:4,3
DA:6,1
DA:7,1
DA:10,2
DA:16,1
DA:17,1
LF:7
LH:7
BRF:0
BRH:0
end_of_record
TN:
SF:jsFiles\url.js
FN:13,(anonymous_0)
FN:19,(anonymous_1)
FN:26,(anonymous_2)
FN:56,(anonymous_3)
FN:73,(anonymous_4)
FN:97,retouchText
FN:103,isDate
FN:116,validation
FN:131,(anonymous_8)
FN:139,pushOrder
FN:156,del3
FN:162,(anonymous_11)
FN:178,(anonymous_12)
FN:188,addToOrder
FN:202,del2
FN:212,del2
FN:221,deleteFromOrder
FN:236,del
FN:249,refreshCounter
FN:269,findPrice
FN:280,(anonymous_20)
FN:306,(anonymous_21)
FNF:22
FNH:13
FNDA:0,(anonymous_0)
FNDA:5,(anonymous_1)
FNDA:4,(anonymous_2)
FNDA:2,(anonymous_3)
FNDA:0,(anonymous_4)
FNDA:1,retouchText
FNDA:3,isDate
FNDA:3,validation
FNDA:0,(anonymous_8)
FNDA:1,pushOrder
FNDA:0,del3
FNDA:0,(anonymous_11)
FNDA:0,(anonymous_12)
FNDA:1,addToOrder
FNDA:0,del2
FNDA:0,del2
FNDA:1,deleteFromOrder
FNDA:0,del
FNDA:1,refreshCounter
FNDA:1,findPrice
FNDA:2,(anonymous_20)
FNDA:1,(anonymous_21)
DA:6,1
DA:8,1
DA:9,1
DA:10,1
DA:13,1
DA:14,0
DA:15,0
DA:16,0
DA:20,5
DA:21,5
DA:22,5
DA:23,5
DA:24,5
DA:27,4
DA:28,4
DA:29,3
DA:30,2
DA:31,1
DA:33,1
DA:34,4
DA:36,0
DA:37,0
DA:38,0
DA:39,0
DA:41,0
DA:42,0
DA:43,0
DA:44,0
DA:46,0
DA:47,0
DA:48,0
DA:49,0
DA:50,0
DA:51,0
DA:57,2
DA:58,2
DA:59,2
DA:60,2
DA:61,2
DA:62,0
DA:64,2
DA:65,2
DA:66,1
DA:67,2
DA:71,1
DA:73,1
DA:74,0
DA:75,0
DA:76,0
DA:77,0
DA:78,0
DA:79,0
DA:80,0
DA:81,0
DA:82,0
DA:83,0
DA:84,0
DA:85,0
DA:86,0
DA:87,0
DA:88,0
DA:89,0
DA:90,0
DA:91,0
DA:92,0
DA:93,0
DA:98,1
DA:99,1
DA:100,1
DA:104,3
DA:106,3
DA:107,2
DA:108,2
DA:109,2
DA:110,1
DA:111,1
DA:113,1
DA:117,3
DA:118,3
DA:119,3
DA:120,3
DA:121,3
DA:122,3
DA:123,3
DA:124,3
DA:125,3
DA:126,3
DA:127,3
DA:128,3
DA:129,3
DA:130,3
DA:131,18
DA:132,0
DA:134,18
DA:136,3
DA:140,1
DA:141,1
DA:142,1
DA:143,1
DA:144,0
DA:145,0
DA:146,0
DA:147,0
DA:148,0
DA:149,0
DA:150,0
DA:152,1
DA:153,1
DA:154,1
DA:155,1
DA:156,1
DA:162,1
DA:163,0
DA:164,0
DA:165,0
DA:166,0
DA:167,0
DA:168,0
DA:169,0
DA:170,0
DA:171,0
DA:172,0
DA:173,0
DA:174,0
DA:178,1
DA:179,0
DA:180,0
DA:181,0
DA:182,0
DA:183,0
DA:184,0
DA:189,1
DA:190,1
DA:191,1
DA:192,1
DA:193,1
DA:194,0
DA:195,0
DA:196,0
DA:197,0
DA:198,0
DA:199,0
DA:200,0
DA:201,0
DA:202,0
DA:203,0
DA:204,0
DA:207,1
DA:208,1
DA:209,1
DA:210,0
DA:211,0
DA:212,0
DA:213,0
DA:214,0
DA:215,0
DA:216,0
DA:218,1
DA:222,1
DA:223,1
DA:224,1
DA:225,1
DA:226,1
DA:227,1
DA:228,1
DA:229,1
DA:234,1
DA:235,1
DA:236,1
DA:237,1
DA:240,0
DA:241,0
DA:242,0
DA:246,0
DA:250,1
DA:251,1
DA:252,1
DA:253,1
DA:254,1
DA:255,1
DA:256,1
DA:257,0
DA:259,1
DA:260,1
DA:261,0
DA:262,0
DA:264,1
DA:265,1
DA:266,1
DA:270,1
DA:271,1
DA:272,0
DA:273,0
DA:276,0
DA:277,1
DA:280,1
DA:281,2
DA:282,2
DA:284,0
DA:286,0
DA:287,0
DA:288,0
DA:290,0
DA:291,0
DA:292,0
DA:293,0
DA:294,0
DA:295,0
DA:296,0
DA:297,0
DA:298,0
DA:299,0
DA:300,0
DA:302,0
DA:303,0
DA:306,1
LF:216
LH:107
BRDA:24,0,0,4
BRDA:24,0,1,1
BRDA:27,1,0,4
BRDA:27,1,1,0
BRDA:27,1,2,0
BRDA:27,1,3,0
BRDA:27,1,4,0
BRDA:27,1,5,0
BRDA:28,2,0,3
BRDA:28,2,1,1
BRDA:29,3,0,2
BRDA:29,3,1,1
BRDA:29,4,0,3
BRDA:29,4,1,3
BRDA:36,5,0,0
BRDA:36,5,1,0
BRDA:36,6,0,0
BRDA:36,6,1,0
BRDA:41,7,0,0
BRDA:41,7,1,0
BRDA:41,8,0,0
BRDA:41,8,1,0
BRDA:47,9,0,0
BRDA:47,9,1,0
BRDA:61,10,0,0
BRDA:61,10,1,2
BRDA:61,11,0,2
BRDA:61,11,1,2
BRDA:65,12,0,1
BRDA:65,12,1,1
BRDA:65,13,0,2
BRDA:65,13,1,2
BRDA:75,14,0,0
BRDA:75,14,1,0
BRDA:75,15,0,0
BRDA:75,15,1,0
BRDA:78,16,0,0
BRDA:78,16,1,0
BRDA:78,16,2,0
BRDA:78,16,3,0
BRDA:78,16,4,0
BRDA:78,16,5,0
BRDA:78,16,6,0
BRDA:78,16,7,0
BRDA:78,16,8,0
BRDA:78,16,9,0
BRDA:78,16,10,0
BRDA:78,16,11,0
BRDA:78,16,12,0
BRDA:78,16,13,0
BRDA:78,16,14,0
BRDA:80,17,0,0
BRDA:80,17,1,0
BRDA:80,18,0,0
BRDA:80,18,1,0
BRDA:81,19,0,0
BRDA:81,19,1,0
BRDA:81,20,0,0
BRDA:81,20,1,0
BRDA:82,21,0,0
BRDA:82,21,1,0
BRDA:82,22,0,0
BRDA:82,22,1,0
BRDA:88,23,0,0
BRDA:88,23,1,0
BRDA:99,24,0,1
BRDA:99,24,1,0
BRDA:99,25,0,1
BRDA:99,25,1,0
BRDA:106,26,0,1
BRDA:106,26,1,2
BRDA:109,27,0,1
BRDA:109,27,1,1
BRDA:110,28,0,0
BRDA:110,28,1,1
BRDA:124,29,0,1
BRDA:124,29,1,2
BRDA:125,30,0,0
BRDA:125,30,1,3
BRDA:125,31,0,3
BRDA:125,31,1,3
BRDA:126,32,0,0
BRDA:126,32,1,3
BRDA:126,33,0,3
BRDA:126,33,1,2
BRDA:127,34,0,0
BRDA:127,34,1,3
BRDA:128,35,0,1
BRDA:128,35,1,2
BRDA:128,36,0,3
BRDA:128,36,1,0
BRDA:128,36,2,3
BRDA:128,36,3,1
BRDA:129,37,0,0
BRDA:129,37,1,3
BRDA:134,38,0,5
BRDA:134,38,1,13
BRDA:143,39,0,0
BRDA:143,39,1,1
BRDA:165,40,0,0
BRDA:165,40,1,0
BRDA:165,41,0,0
BRDA:165,41,1,0
BRDA:167,42,0,0
BRDA:167,42,1,0
BRDA:167,42,2,0
BRDA:167,42,3,0
BRDA:167,42,4,0
BRDA:167,42,5,0
BRDA:167,42,6,0
BRDA:181,43,0,0
BRDA:181,43,1,0
BRDA:181,44,0,0
BRDA:181,44,1,0
BRDA:183,45,0,0
BRDA:183,45,1,0
BRDA:194,46,0,0
BRDA:194,46,1,0
BRDA:196,47,0,0
BRDA:196,47,1,0
BRDA:214,48,0,0
BRDA:214,48,1,0
BRDA:224,49,0,1
BRDA:224,49,1,0
BRDA:226,50,0,1
BRDA:226,50,1,0
BRDA:253,51,0,0
BRDA:253,51,1,1
BRDA:256,52,0,0
BRDA:256,52,1,1
BRDA:265,53,0,0
BRDA:265,53,1,1
BRDA:272,54,0,0
BRDA:272,54,1,0
BRDA:287,55,0,0
BRDA:287,55,1,0
BRDA:292,56,0,0
BRDA:292,56,1,0
BRF:138
BRH:46
end_of_record
